<?xml version="1.0" encoding="UTF-8"?>
<!-- Generated by org.testng.reporters.JUnitReportReporter -->
<testsuite hostname="aalmeida-ThinkPad-W540" failures="0" tests="3" name="TestNGSimpleTest" time="0.010" errors="0" timestamp="2020-11-25T10:03:13 MST" skipped="0">
  <testcase classname="TestNGSimpleTest" name="testString" time="0.001"/>
  <testcase classname="TestNGSimpleTest" name="testDataProvider" time="0.001"/>
  <testcase classname="TestNGSimpleTest" name="testDataProvider" time="0.008"/>
</testsuite> <!-- TestNGSimpleTest -->
